Get embeddings for harmful and harmless prompts...
Get embeddings for calibration prompts...
Get embeddings for test prompts...
Selected layer index for toxic concept detection: 23
Selected layer index for gcg jailbreak concept detection: 25
Selected layer index for puzzler jailbreak concept detection: 18
Selected layer index for saa jailbreak concept detection: 18
Selected layer index for autodan jailbreak concept detection: 23
Selected layer index for drattack jailbreak concept detection: 25
Selected layer index for pair jailbreak concept detection: 25
Selected layer index for ijp jailbreak concept detection: 21
Selected layer index for base64 jailbreak concept detection: 23
Selected layer index for zulu jailbreak concept detection: 26
Get calibration vectors and thersholds...
Evaluate the jailbreak detection...
Calibration data from :  ijp - Test data from :  ijp
Accuracy: 0.8140243902439024  | F1 score: 0.8418869880767237
Calibration data from :  gcg - Test data from :  gcg
Accuracy: 0.9310975609756098  | F1 score: 0.9353916523727844
Calibration data from :  saa - Test data from :  saa
Accuracy: 0.9902439024390244  | F1 score: 0.9903381642512078
Calibration data from :  autodan - Test data from :  autodan
Accuracy: 0.9335365853658537  | F1 score: 0.9376786735277302
Calibration data from :  pair - Test data from :  pair
Accuracy: 0.9073170731707317  | F1 score: 0.9133409350057012
Calibration data from :  drattack - Test data from :  drattack
Accuracy: 1.0  | F1 score: 1.0
Calibration data from :  puzzler - Test data from :  puzzler
Accuracy: 0.7166666666666667  | F1 score: 0.14388489208633096
Calibration data from :  zulu - Test data from :  zulu
Accuracy: 0.999390243902439  | F1 score: 0.9993898718730934
Calibration data from :  base64 - Test data from :  base64
Accuracy: 1.0  | F1 score: 1.0
